<?xml version="1.0" encoding="UTF-8"?>
<coverage generated="1734813268268" clover="3.2.0">
  <project timestamp="1734813268268" name="All files">
    <metrics statements="84" coveredstatements="35" conditionals="32" coveredconditionals="11" methods="20" coveredmethods="13" elements="136" coveredelements="59" complexity="0" loc="84" ncloc="84" packages="5" files="7" classes="7"/>
    <package name="src">
      <metrics statements="2" coveredstatements="0" conditionals="0" coveredconditionals="0" methods="1" coveredmethods="0"/>
      <file name="App.tsx" path="C:\Users\ajelacn\OneDrive - Adient\Documents\Projects\kundli_calculation_webservice\frontend\src\App.tsx">
        <metrics statements="2" coveredstatements="0" conditionals="0" coveredconditionals="0" methods="1" coveredmethods="0"/>
        <line num="6" count="0" type="stmt"/>
        <line num="7" count="0" type="stmt"/>
      </file>
    </package>
    <package name="src.components">
      <metrics statements="60" coveredstatements="17" conditionals="22" coveredconditionals="4" methods="8" coveredmethods="5"/>
      <file name="ChartForm.tsx" path="C:\Users\ajelacn\OneDrive - Adient\Documents\Projects\kundli_calculation_webservice\frontend\src\components\ChartForm.tsx">
        <metrics statements="10" coveredstatements="10" conditionals="0" coveredconditionals="0" methods="3" coveredmethods="3"/>
        <line num="6" count="2" type="stmt"/>
        <line num="7" count="17" type="stmt"/>
        <line num="8" count="17" type="stmt"/>
        <line num="16" count="17" type="stmt"/>
        <line num="17" count="1" type="stmt"/>
        <line num="18" count="1" type="stmt"/>
        <line num="20" count="1" type="stmt"/>
        <line num="28" count="17" type="stmt"/>
        <line num="29" count="10" type="stmt"/>
        <line num="35" count="17" type="stmt"/>
      </file>
      <file name="ChartVisualization.tsx" path="C:\Users\ajelacn\OneDrive - Adient\Documents\Projects\kundli_calculation_webservice\frontend\src\components\ChartVisualization.tsx">
        <metrics statements="50" coveredstatements="7" conditionals="22" coveredconditionals="4" methods="5" coveredmethods="2"/>
        <line num="9" count="2" type="stmt"/>
        <line num="10" count="5" type="stmt"/>
        <line num="12" count="5" type="stmt"/>
        <line num="13" count="5" type="cond" truecount="3" falsecount="1"/>
        <line num="15" count="5" type="stmt"/>
        <line num="16" count="5" type="cond" truecount="1" falsecount="1"/>
        <line num="18" count="0" type="stmt"/>
        <line num="19" count="0" type="stmt"/>
        <line num="20" count="0" type="stmt"/>
        <line num="21" count="0" type="stmt"/>
        <line num="22" count="0" type="stmt"/>
        <line num="25" count="0" type="stmt"/>
        <line num="28" count="0" type="stmt"/>
        <line num="34" count="0" type="stmt"/>
        <line num="45" count="0" type="stmt"/>
        <line num="46" count="0" type="stmt"/>
        <line num="47" count="0" type="stmt"/>
        <line num="48" count="0" type="stmt"/>
        <line num="60" count="0" type="cond" truecount="0" falsecount="2"/>
        <line num="61" count="0" type="stmt"/>
        <line num="62" count="0" type="stmt"/>
        <line num="63" count="0" type="stmt"/>
        <line num="64" count="0" type="stmt"/>
        <line num="65" count="0" type="stmt"/>
        <line num="67" count="0" type="stmt"/>
        <line num="74" count="0" type="stmt"/>
        <line num="85" count="0" type="cond" truecount="0" falsecount="4"/>
        <line num="86" count="0" type="stmt"/>
        <line num="87" count="0" type="stmt"/>
        <line num="88" count="0" type="stmt"/>
        <line num="89" count="0" type="stmt"/>
        <line num="90" count="0" type="stmt"/>
        <line num="91" count="0" type="stmt"/>
        <line num="92" count="0" type="stmt"/>
        <line num="94" count="0" type="stmt"/>
        <line num="103" count="0" type="stmt"/>
        <line num="114" count="0" type="cond" truecount="0" falsecount="2"/>
        <line num="115" count="0" type="stmt"/>
        <line num="116" count="0" type="stmt"/>
        <line num="117" count="0" type="stmt"/>
        <line num="119" count="0" type="cond" truecount="0" falsecount="4"/>
        <line num="120" count="0" type="stmt"/>
        <line num="121" count="0" type="stmt"/>
        <line num="122" count="0" type="stmt"/>
        <line num="124" count="0" type="stmt"/>
        <line num="125" count="0" type="stmt"/>
        <line num="126" count="0" type="stmt"/>
        <line num="127" count="0" type="stmt"/>
        <line num="129" count="0" type="stmt"/>
        <line num="142" count="5" type="stmt"/>
      </file>
    </package>
    <package name="src.pages">
      <metrics statements="6" coveredstatements="3" conditionals="8" coveredconditionals="6" methods="5" coveredmethods="2"/>
      <file name="ChartCalculator.tsx" path="C:\Users\ajelacn\OneDrive - Adient\Documents\Projects\kundli_calculation_webservice\frontend\src\pages\ChartCalculator.tsx">
        <metrics statements="6" coveredstatements="3" conditionals="8" coveredconditionals="6" methods="5" coveredmethods="2"/>
        <line num="7" count="1" type="stmt"/>
        <line num="8" count="36" type="stmt"/>
        <line num="10" count="18" type="stmt"/>
        <line num="53" count="0" type="stmt"/>
        <line num="66" count="0" type="stmt"/>
        <line num="68" count="0" type="stmt"/>
      </file>
    </package>
    <package name="src.store">
      <metrics statements="16" coveredstatements="15" conditionals="2" coveredconditionals="1" methods="6" coveredmethods="6"/>
      <file name="chartSlice.ts" path="C:\Users\ajelacn\OneDrive - Adient\Documents\Projects\kundli_calculation_webservice\frontend\src\store\chartSlice.ts">
        <metrics statements="15" coveredstatements="15" conditionals="2" coveredconditionals="1" methods="6" coveredmethods="6"/>
        <line num="11" count="3" type="stmt"/>
        <line num="17" count="3" type="stmt"/>
        <line num="27" count="3" type="stmt"/>
        <line num="31" count="2" type="stmt"/>
        <line num="35" count="3" type="stmt"/>
        <line num="40" count="1" type="stmt"/>
        <line num="41" count="1" type="stmt"/>
        <line num="45" count="3" type="stmt"/>
        <line num="47" count="4" type="stmt"/>
        <line num="48" count="4" type="stmt"/>
        <line num="51" count="3" type="stmt"/>
        <line num="52" count="3" type="stmt"/>
        <line num="55" count="1" type="stmt"/>
        <line num="56" count="1" type="cond" truecount="1" falsecount="1"/>
        <line num="61" count="3" type="stmt"/>
      </file>
      <file name="store.ts" path="C:\Users\ajelacn\OneDrive - Adient\Documents\Projects\kundli_calculation_webservice\frontend\src\store\store.ts">
        <metrics statements="1" coveredstatements="0" conditionals="0" coveredconditionals="0" methods="0" coveredmethods="0"/>
        <line num="4" count="0" type="stmt"/>
      </file>
    </package>
    <package name="src.types">
      <metrics statements="0" coveredstatements="0" conditionals="0" coveredconditionals="0" methods="0" coveredmethods="0"/>
      <file name="chart.ts" path="C:\Users\ajelacn\OneDrive - Adient\Documents\Projects\kundli_calculation_webservice\frontend\src\types\chart.ts">
        <metrics statements="0" coveredstatements="0" conditionals="0" coveredconditionals="0" methods="0" coveredmethods="0"/>
      </file>
    </package>
  </project>
</coverage>
