{"C:\\Users\\ajelacn\\OneDrive - Adient\\Documents\\Projects\\kundli_calculation_webservice\\frontend\\src\\App.tsx": {"path":"C:\\Users\\ajelacn\\OneDrive - Adient\\Documents\\Projects\\kundli_calculation_webservice\\frontend\\src\\App.tsx","statementMap":{"0":{"start":{"line":6,"column":22},"end":{"line":25,"column":1}},"1":{"start":{"line":7,"column":2},"end":{"line":24,"column":4}}},"fnMap":{"0":{"name":"(anonymous_0)","decl":{"start":{"line":6,"column":22},"end":{"line":6,"column":23}},"loc":{"start":{"line":6,"column":28},"end":{"line":25,"column":1}},"line":6}},"branchMap":{},"s":{"0":0,"1":0},"f":{"0":0},"b":{}}
,"C:\\Users\\ajelacn\\OneDrive - Adient\\Documents\\Projects\\kundli_calculation_webservice\\frontend\\src\\components\\ChartForm.tsx": {"path":"C:\\Users\\ajelacn\\OneDrive - Adient\\Documents\\Projects\\kundli_calculation_webservice\\frontend\\src\\components\\ChartForm.tsx","statementMap":{"0":{"start":{"line":6,"column":28},"end":{"line":125,"column":1}},"1":{"start":{"line":7,"column":19},"end":{"line":7,"column":45}},"2":{"start":{"line":8,"column":34},"end":{"line":14,"column":4}},"3":{"start":{"line":16,"column":23},"end":{"line":26,"column":3}},"4":{"start":{"line":17,"column":4},"end":{"line":17,"column":23}},"5":{"start":{"line":18,"column":21},"end":{"line":18,"column":80}},"6":{"start":{"line":20,"column":4},"end":{"line":25,"column":8}},"7":{"start":{"line":28,"column":23},"end":{"line":33,"column":3}},"8":{"start":{"line":29,"column":4},"end":{"line":32,"column":7}},"9":{"start":{"line":35,"column":2},"end":{"line":124,"column":4}}},"fnMap":{"0":{"name":"(anonymous_0)","decl":{"start":{"line":6,"column":28},"end":{"line":6,"column":29}},"loc":{"start":{"line":6,"column":34},"end":{"line":125,"column":1}},"line":6},"1":{"name":"(anonymous_1)","decl":{"start":{"line":16,"column":23},"end":{"line":16,"column":24}},"loc":{"start":{"line":16,"column":47},"end":{"line":26,"column":3}},"line":16},"2":{"name":"(anonymous_2)","decl":{"start":{"line":28,"column":23},"end":{"line":28,"column":24}},"loc":{"start":{"line":28,"column":67},"end":{"line":33,"column":3}},"line":28}},"branchMap":{},"s":{"0":2,"1":17,"2":17,"3":17,"4":1,"5":1,"6":1,"7":17,"8":10,"9":17},"f":{"0":17,"1":1,"2":10},"b":{},"_coverageSchema":"1a1c01bbd47fc00a2c39e90264f33305004495a9","hash":"4b5b27cb364d5f59355753b2de0281870b54d672"}
,"C:\\Users\\ajelacn\\OneDrive - Adient\\Documents\\Projects\\kundli_calculation_webservice\\frontend\\src\\components\\ChartVisualization.tsx": {"path":"C:\\Users\\ajelacn\\OneDrive - Adient\\Documents\\Projects\\kundli_calculation_webservice\\frontend\\src\\components\\ChartVisualization.tsx","statementMap":{"0":{"start":{"line":9,"column":62},"end":{"line":147,"column":1}},"1":{"start":{"line":10,"column":17},"end":{"line":10,"column":44}},"2":{"start":{"line":12,"column":2},"end":{"line":140,"column":14}},"3":{"start":{"line":13,"column":4},"end":{"line":13,"column":42}},"4":{"start":{"line":13,"column":35},"end":{"line":13,"column":42}},"5":{"start":{"line":15,"column":16},"end":{"line":15,"column":41}},"6":{"start":{"line":16,"column":4},"end":{"line":16,"column":21}},"7":{"start":{"line":16,"column":14},"end":{"line":16,"column":21}},"8":{"start":{"line":18,"column":18},"end":{"line":18,"column":21}},"9":{"start":{"line":19,"column":19},"end":{"line":19,"column":22}},"10":{"start":{"line":20,"column":19},"end":{"line":20,"column":21}},"11":{"start":{"line":21,"column":20},"end":{"line":21,"column":29}},"12":{"start":{"line":22,"column":20},"end":{"line":22,"column":30}},"13":{"start":{"line":25,"column":4},"end":{"line":25,"column":32}},"14":{"start":{"line":28,"column":4},"end":{"line":31,"column":49}},"15":{"start":{"line":34,"column":23},"end":{"line":42,"column":30}},"16":{"start":{"line":45,"column":28},"end":{"line":45,"column":52}},"17":{"start":{"line":46,"column":4},"end":{"line":57,"column":5}},"18":{"start":{"line":46,"column":17},"end":{"line":46,"column":18}},"19":{"start":{"line":47,"column":6},"end":{"line":56,"column":7}},"20":{"start":{"line":47,"column":19},"end":{"line":47,"column":20}},"21":{"start":{"line":48,"column":8},"end":{"line":55,"column":34}},"22":{"start":{"line":60,"column":4},"end":{"line":82,"column":5}},"23":{"start":{"line":61,"column":6},"end":{"line":81,"column":9}},"24":{"start":{"line":62,"column":22},"end":{"line":62,"column":40}},"25":{"start":{"line":63,"column":23},"end":{"line":63,"column":47}},"26":{"start":{"line":64,"column":18},"end":{"line":64,"column":70}},"27":{"start":{"line":65,"column":18},"end":{"line":65,"column":70}},"28":{"start":{"line":67,"column":8},"end":{"line":72,"column":32}},"29":{"start":{"line":74,"column":8},"end":{"line":80,"column":24}},"30":{"start":{"line":85,"column":4},"end":{"line":111,"column":5}},"31":{"start":{"line":86,"column":6},"end":{"line":110,"column":9}},"32":{"start":{"line":87,"column":22},"end":{"line":87,"column":26}},"33":{"start":{"line":88,"column":23},"end":{"line":88,"column":41}},"34":{"start":{"line":89,"column":19},"end":{"line":89,"column":26}},"35":{"start":{"line":90,"column":19},"end":{"line":90,"column":26}},"36":{"start":{"line":91,"column":19},"end":{"line":91,"column":71}},"37":{"start":{"line":92,"column":19},"end":{"line":92,"column":71}},"38":{"start":{"line":94,"column":8},"end":{"line":101,"column":43}},"39":{"start":{"line":103,"column":8},"end":{"line":109,"column":27}},"40":{"start":{"line":114,"column":4},"end":{"line":139,"column":5}},"41":{"start":{"line":115,"column":6},"end":{"line":138,"column":9}},"42":{"start":{"line":116,"column":27},"end":{"line":116,"column":68}},"43":{"start":{"line":117,"column":27},"end":{"line":117,"column":68}},"44":{"start":{"line":119,"column":8},"end":{"line":137,"column":9}},"45":{"start":{"line":120,"column":25},"end":{"line":120,"column":45}},"46":{"start":{"line":121,"column":25},"end":{"line":121,"column":45}},"47":{"start":{"line":122,"column":25},"end":{"line":122,"column":49}},"48":{"start":{"line":124,"column":21},"end":{"line":124,"column":74}},"49":{"start":{"line":125,"column":21},"end":{"line":125,"column":74}},"50":{"start":{"line":126,"column":21},"end":{"line":126,"column":74}},"51":{"start":{"line":127,"column":21},"end":{"line":127,"column":74}},"52":{"start":{"line":129,"column":10},"end":{"line":136,"column":59}},"53":{"start":{"line":142,"column":2},"end":{"line":146,"column":4}}},"fnMap":{"0":{"name":"(anonymous_0)","decl":{"start":{"line":9,"column":62},"end":{"line":9,"column":63}},"loc":{"start":{"line":9,"column":77},"end":{"line":147,"column":1}},"line":9},"1":{"name":"(anonymous_1)","decl":{"start":{"line":12,"column":12},"end":{"line":12,"column":13}},"loc":{"start":{"line":12,"column":18},"end":{"line":140,"column":3}},"line":12},"2":{"name":"(anonymous_2)","decl":{"start":{"line":61,"column":56},"end":{"line":61,"column":57}},"loc":{"start":{"line":61,"column":87},"end":{"line":81,"column":7}},"line":61},"3":{"name":"(anonymous_3)","decl":{"start":{"line":86,"column":33},"end":{"line":86,"column":34}},"loc":{"start":{"line":86,"column":50},"end":{"line":110,"column":7}},"line":86},"4":{"name":"(anonymous_4)","decl":{"start":{"line":115,"column":28},"end":{"line":115,"column":29}},"loc":{"start":{"line":115,"column":40},"end":{"line":138,"column":7}},"line":115}},"branchMap":{"0":{"loc":{"start":{"line":13,"column":4},"end":{"line":13,"column":42}},"type":"if","locations":[{"start":{"line":13,"column":4},"end":{"line":13,"column":42}},{"start":{},"end":{}}],"line":13},"1":{"loc":{"start":{"line":13,"column":8},"end":{"line":13,"column":33}},"type":"binary-expr","locations":[{"start":{"line":13,"column":8},"end":{"line":13,"column":23}},{"start":{"line":13,"column":27},"end":{"line":13,"column":33}}],"line":13},"2":{"loc":{"start":{"line":16,"column":4},"end":{"line":16,"column":21}},"type":"if","locations":[{"start":{"line":16,"column":4},"end":{"line":16,"column":21}},{"start":{},"end":{}}],"line":16},"3":{"loc":{"start":{"line":60,"column":4},"end":{"line":82,"column":5}},"type":"if","locations":[{"start":{"line":60,"column":4},"end":{"line":82,"column":5}},{"start":{},"end":{}}],"line":60},"4":{"loc":{"start":{"line":85,"column":4},"end":{"line":111,"column":5}},"type":"if","locations":[{"start":{"line":85,"column":4},"end":{"line":111,"column":5}},{"start":{},"end":{}}],"line":85},"5":{"loc":{"start":{"line":85,"column":8},"end":{"line":85,"column":42}},"type":"binary-expr","locations":[{"start":{"line":85,"column":8},"end":{"line":85,"column":20}},{"start":{"line":85,"column":24},"end":{"line":85,"column":42}}],"line":85},"6":{"loc":{"start":{"line":114,"column":4},"end":{"line":139,"column":5}},"type":"if","locations":[{"start":{"line":114,"column":4},"end":{"line":139,"column":5}},{"start":{},"end":{}}],"line":114},"7":{"loc":{"start":{"line":119,"column":8},"end":{"line":137,"column":9}},"type":"if","locations":[{"start":{"line":119,"column":8},"end":{"line":137,"column":9}},{"start":{},"end":{}}],"line":119},"8":{"loc":{"start":{"line":119,"column":12},"end":{"line":119,"column":36}},"type":"binary-expr","locations":[{"start":{"line":119,"column":12},"end":{"line":119,"column":22}},{"start":{"line":119,"column":26},"end":{"line":119,"column":36}}],"line":119},"9":{"loc":{"start":{"line":135,"column":28},"end":{"line":135,"column":61}},"type":"cond-expr","locations":[{"start":{"line":135,"column":46},"end":{"line":135,"column":52}},{"start":{"line":135,"column":55},"end":{"line":135,"column":61}}],"line":135},"10":{"loc":{"start":{"line":136,"column":34},"end":{"line":136,"column":57}},"type":"cond-expr","locations":[{"start":{"line":136,"column":52},"end":{"line":136,"column":53}},{"start":{"line":136,"column":56},"end":{"line":136,"column":57}}],"line":136}},"s":{"0":2,"1":5,"2":5,"3":5,"4":0,"5":5,"6":5,"7":5,"8":0,"9":0,"10":0,"11":0,"12":0,"13":0,"14":0,"15":0,"16":0,"17":0,"18":0,"19":0,"20":0,"21":0,"22":0,"23":0,"24":0,"25":0,"26":0,"27":0,"28":0,"29":0,"30":0,"31":0,"32":0,"33":0,"34":0,"35":0,"36":0,"37":0,"38":0,"39":0,"40":0,"41":0,"42":0,"43":0,"44":0,"45":0,"46":0,"47":0,"48":0,"49":0,"50":0,"51":0,"52":0,"53":5},"f":{"0":5,"1":5,"2":0,"3":0,"4":0},"b":{"0":[0,5],"1":[5,5],"2":[5,0],"3":[0,0],"4":[0,0],"5":[0,0],"6":[0,0],"7":[0,0],"8":[0,0],"9":[0,0],"10":[0,0]},"_coverageSchema":"1a1c01bbd47fc00a2c39e90264f33305004495a9","hash":"733f2cbd55afaac5c9a67eb19b07f2f2f4f334e7"}
,"C:\\Users\\ajelacn\\OneDrive - Adient\\Documents\\Projects\\kundli_calculation_webservice\\frontend\\src\\pages\\ChartCalculator.tsx": {"path":"C:\\Users\\ajelacn\\OneDrive - Adient\\Documents\\Projects\\kundli_calculation_webservice\\frontend\\src\\pages\\ChartCalculator.tsx","statementMap":{"0":{"start":{"line":7,"column":34},"end":{"line":81,"column":1}},"1":{"start":{"line":8,"column":36},"end":{"line":8,"column":82}},"2":{"start":{"line":8,"column":70},"end":{"line":8,"column":81}},"3":{"start":{"line":10,"column":2},"end":{"line":80,"column":4}},"4":{"start":{"line":53,"column":20},"end":{"line":56,"column":26}},"5":{"start":{"line":66,"column":38},"end":{"line":66,"column":53}},"6":{"start":{"line":68,"column":22},"end":{"line":71,"column":28}}},"fnMap":{"0":{"name":"(anonymous_0)","decl":{"start":{"line":7,"column":34},"end":{"line":7,"column":35}},"loc":{"start":{"line":7,"column":40},"end":{"line":81,"column":1}},"line":7},"1":{"name":"(anonymous_1)","decl":{"start":{"line":8,"column":48},"end":{"line":8,"column":49}},"loc":{"start":{"line":8,"column":70},"end":{"line":8,"column":81}},"line":8},"2":{"name":"(anonymous_2)","decl":{"start":{"line":52,"column":65},"end":{"line":52,"column":66}},"loc":{"start":{"line":53,"column":20},"end":{"line":56,"column":26}},"line":53},"3":{"name":"(anonymous_3)","decl":{"start":{"line":66,"column":28},"end":{"line":66,"column":29}},"loc":{"start":{"line":66,"column":38},"end":{"line":66,"column":53}},"line":66},"4":{"name":"(anonymous_4)","decl":{"start":{"line":67,"column":25},"end":{"line":67,"column":26}},"loc":{"start":{"line":68,"column":22},"end":{"line":71,"column":28}},"line":68}},"branchMap":{"0":{"loc":{"start":{"line":24,"column":11},"end":{"line":32,"column":11}},"type":"binary-expr","locations":[{"start":{"line":24,"column":11},"end":{"line":24,"column":18}},{"start":{"line":25,"column":12},"end":{"line":31,"column":18}}],"line":24},"1":{"loc":{"start":{"line":33,"column":11},"end":{"line":37,"column":11}},"type":"binary-expr","locations":[{"start":{"line":33,"column":11},"end":{"line":33,"column":16}},{"start":{"line":34,"column":12},"end":{"line":36,"column":18}}],"line":33},"2":{"loc":{"start":{"line":38,"column":11},"end":{"line":38,"column":56}},"type":"binary-expr","locations":[{"start":{"line":38,"column":11},"end":{"line":38,"column":16}},{"start":{"line":38,"column":20},"end":{"line":38,"column":56}}],"line":38},"3":{"loc":{"start":{"line":41,"column":9},"end":{"line":77,"column":9}},"type":"binary-expr","locations":[{"start":{"line":41,"column":9},"end":{"line":41,"column":14}},{"start":{"line":42,"column":10},"end":{"line":76,"column":16}}],"line":41}},"s":{"0":1,"1":19,"2":36,"3":18,"4":0,"5":0,"6":0},"f":{"0":19,"1":36,"2":0,"3":0,"4":0},"b":{"0":[18,0],"1":[18,0],"2":[18,16],"3":[18,16]},"_coverageSchema":"1a1c01bbd47fc00a2c39e90264f33305004495a9","hash":"3a71a325a580ea06e5e39076771139214cad0a1c"}
,"C:\\Users\\ajelacn\\OneDrive - Adient\\Documents\\Projects\\kundli_calculation_webservice\\frontend\\src\\store\\chartSlice.ts": {"path":"C:\\Users\\ajelacn\\OneDrive - Adient\\Documents\\Projects\\kundli_calculation_webservice\\frontend\\src\\store\\chartSlice.ts","statementMap":{"0":{"start":{"line":11,"column":33},"end":{"line":15,"column":1}},"1":{"start":{"line":17,"column":30},"end":{"line":33,"column":1}},"2":{"start":{"line":27,"column":21},"end":{"line":30,"column":5}},"3":{"start":{"line":31,"column":4},"end":{"line":31,"column":25}},"4":{"start":{"line":35,"column":19},"end":{"line":59,"column":2}},"5":{"start":{"line":40,"column":6},"end":{"line":40,"column":25}},"6":{"start":{"line":41,"column":6},"end":{"line":41,"column":25}},"7":{"start":{"line":45,"column":4},"end":{"line":57,"column":9}},"8":{"start":{"line":47,"column":8},"end":{"line":47,"column":29}},"9":{"start":{"line":48,"column":8},"end":{"line":48,"column":27}},"10":{"start":{"line":51,"column":8},"end":{"line":51,"column":30}},"11":{"start":{"line":52,"column":8},"end":{"line":52,"column":37}},"12":{"start":{"line":55,"column":8},"end":{"line":55,"column":30}},"13":{"start":{"line":56,"column":8},"end":{"line":56,"column":74}},"14":{"start":{"line":61,"column":30},"end":{"line":61,"column":48}}},"fnMap":{"0":{"name":"(anonymous_0)","decl":{"start":{"line":19,"column":2},"end":{"line":19,"column":3}},"loc":{"start":{"line":26,"column":8},"end":{"line":32,"column":3}},"line":26},"1":{"name":"(anonymous_1)","decl":{"start":{"line":39,"column":16},"end":{"line":39,"column":17}},"loc":{"start":{"line":39,"column":27},"end":{"line":42,"column":5}},"line":39},"2":{"name":"(anonymous_2)","decl":{"start":{"line":44,"column":17},"end":{"line":44,"column":18}},"loc":{"start":{"line":44,"column":30},"end":{"line":58,"column":3}},"line":44},"3":{"name":"(anonymous_3)","decl":{"start":{"line":46,"column":39},"end":{"line":46,"column":40}},"loc":{"start":{"line":46,"column":50},"end":{"line":49,"column":7}},"line":46},"4":{"name":"(anonymous_4)","decl":{"start":{"line":50,"column":41},"end":{"line":50,"column":42}},"loc":{"start":{"line":50,"column":60},"end":{"line":53,"column":7}},"line":50},"5":{"name":"(anonymous_5)","decl":{"start":{"line":54,"column":40},"end":{"line":54,"column":41}},"loc":{"start":{"line":54,"column":59},"end":{"line":57,"column":7}},"line":54}},"branchMap":{"0":{"loc":{"start":{"line":56,"column":22},"end":{"line":56,"column":73}},"type":"binary-expr","locations":[{"start":{"line":56,"column":22},"end":{"line":56,"column":42}},{"start":{"line":56,"column":46},"end":{"line":56,"column":73}}],"line":56}},"s":{"0":3,"1":3,"2":3,"3":2,"4":3,"5":1,"6":1,"7":3,"8":4,"9":4,"10":3,"11":3,"12":1,"13":1,"14":3},"f":{"0":3,"1":1,"2":3,"3":4,"4":3,"5":1},"b":{"0":[1,0]},"_coverageSchema":"1a1c01bbd47fc00a2c39e90264f33305004495a9","hash":"466ed188c84edf23d9b7e6956bef8242c1828040"}
,"C:\\Users\\ajelacn\\OneDrive - Adient\\Documents\\Projects\\kundli_calculation_webservice\\frontend\\src\\store\\store.ts": {"path":"C:\\Users\\ajelacn\\OneDrive - Adient\\Documents\\Projects\\kundli_calculation_webservice\\frontend\\src\\store\\store.ts","statementMap":{"0":{"start":{"line":4,"column":21},"end":{"line":8,"column":2}}},"fnMap":{},"branchMap":{},"s":{"0":0},"f":{},"b":{}}
,"C:\\Users\\ajelacn\\OneDrive - Adient\\Documents\\Projects\\kundli_calculation_webservice\\frontend\\src\\types\\chart.ts": {"path":"C:\\Users\\ajelacn\\OneDrive - Adient\\Documents\\Projects\\kundli_calculation_webservice\\frontend\\src\\types\\chart.ts","statementMap":{},"fnMap":{},"branchMap":{},"s":{},"f":{},"b":{}}
}
