TN:
SF:src\App.tsx
FN:6,(anonymous_0)
FNF:1
FNH:0
FNDA:0,(anonymous_0)
DA:6,0
DA:7,0
LF:2
LH:0
BRF:0
BRH:0
end_of_record
TN:
SF:src\components\ChartForm.tsx
FN:6,(anonymous_0)
FN:16,(anonymous_1)
FN:28,(anonymous_2)
FNF:3
FNH:3
FNDA:17,(anonymous_0)
FNDA:1,(anonymous_1)
FNDA:10,(anonymous_2)
DA:6,2
DA:7,17
DA:8,17
DA:16,17
DA:17,1
DA:18,1
DA:20,1
DA:28,17
DA:29,10
DA:35,17
LF:10
LH:10
BRF:0
BRH:0
end_of_record
TN:
SF:src\components\ChartVisualization.tsx
FN:9,(anonymous_0)
FN:12,(anonymous_1)
FN:61,(anonymous_2)
FN:86,(anonymous_3)
FN:115,(anonymous_4)
FNF:5
FNH:2
FNDA:5,(anonymous_0)
FNDA:5,(anonymous_1)
FNDA:0,(anonymous_2)
FNDA:0,(anonymous_3)
FNDA:0,(anonymous_4)
DA:9,2
DA:10,5
DA:12,5
DA:13,5
DA:15,5
DA:16,5
DA:18,0
DA:19,0
DA:20,0
DA:21,0
DA:22,0
DA:25,0
DA:28,0
DA:34,0
DA:45,0
DA:46,0
DA:47,0
DA:48,0
DA:60,0
DA:61,0
DA:62,0
DA:63,0
DA:64,0
DA:65,0
DA:67,0
DA:74,0
DA:85,0
DA:86,0
DA:87,0
DA:88,0
DA:89,0
DA:90,0
DA:91,0
DA:92,0
DA:94,0
DA:103,0
DA:114,0
DA:115,0
DA:116,0
DA:117,0
DA:119,0
DA:120,0
DA:121,0
DA:122,0
DA:124,0
DA:125,0
DA:126,0
DA:127,0
DA:129,0
DA:142,5
LF:50
LH:7
BRDA:13,0,0,0
BRDA:13,0,1,5
BRDA:13,1,0,5
BRDA:13,1,1,5
BRDA:16,2,0,5
BRDA:16,2,1,0
BRDA:60,3,0,0
BRDA:60,3,1,0
BRDA:85,4,0,0
BRDA:85,4,1,0
BRDA:85,5,0,0
BRDA:85,5,1,0
BRDA:114,6,0,0
BRDA:114,6,1,0
BRDA:119,7,0,0
BRDA:119,7,1,0
BRDA:119,8,0,0
BRDA:119,8,1,0
BRDA:135,9,0,0
BRDA:135,9,1,0
BRDA:136,10,0,0
BRDA:136,10,1,0
BRF:22
BRH:4
end_of_record
TN:
SF:src\pages\ChartCalculator.tsx
FN:7,(anonymous_0)
FN:8,(anonymous_1)
FN:52,(anonymous_2)
FN:66,(anonymous_3)
FN:67,(anonymous_4)
FNF:5
FNH:2
FNDA:19,(anonymous_0)
FNDA:36,(anonymous_1)
FNDA:0,(anonymous_2)
FNDA:0,(anonymous_3)
FNDA:0,(anonymous_4)
DA:7,1
DA:8,36
DA:10,18
DA:53,0
DA:66,0
DA:68,0
LF:6
LH:3
BRDA:24,0,0,18
BRDA:24,0,1,0
BRDA:33,1,0,18
BRDA:33,1,1,0
BRDA:38,2,0,18
BRDA:38,2,1,16
BRDA:41,3,0,18
BRDA:41,3,1,16
BRF:8
BRH:6
end_of_record
TN:
SF:src\store\chartSlice.ts
FN:19,(anonymous_0)
FN:39,(anonymous_1)
FN:44,(anonymous_2)
FN:46,(anonymous_3)
FN:50,(anonymous_4)
FN:54,(anonymous_5)
FNF:6
FNH:6
FNDA:3,(anonymous_0)
FNDA:1,(anonymous_1)
FNDA:3,(anonymous_2)
FNDA:4,(anonymous_3)
FNDA:3,(anonymous_4)
FNDA:1,(anonymous_5)
DA:11,3
DA:17,3
DA:27,3
DA:31,2
DA:35,3
DA:40,1
DA:41,1
DA:45,3
DA:47,4
DA:48,4
DA:51,3
DA:52,3
DA:55,1
DA:56,1
DA:61,3
LF:15
LH:15
BRDA:56,0,0,1
BRDA:56,0,1,0
BRF:2
BRH:1
end_of_record
TN:
SF:src\store\store.ts
FNF:0
FNH:0
DA:4,0
LF:1
LH:0
BRF:0
BRH:0
end_of_record
TN:
SF:src\types\chart.ts
FNF:0
FNH:0
LF:0
LH:0
BRF:0
BRH:0
end_of_record
